app/manifest-merger-release-report.txt
-- Merging decision tree log ---
manifest
ADDED from AndroidManifest.xml:2:1
	package
		ADDED from AndroidManifest.xml:3:5
		INJECTED from AndroidManifest.xml:0:0
		INJECTED from AndroidManifest.xml:0:0
	android:versionName
		ADDED from AndroidManifest.xml:4:5
		INJECTED from AndroidManifest.xml:0:0
		INJECTED from AndroidManifest.xml:0:0
	xmlns:android
		ADDED from AndroidManifest.xml:2:11
	android:versionCode
		INJECTED from AndroidManifest.xml:0:0
		INJECTED from AndroidManifest.xml:0:0
uses-permission#android.permission.INTERNET
ADDED from AndroidManifest.xml:6:5
	android:name
		ADDED from AndroidManifest.xml:6:22
uses-permission#android.permission.CALL_PHONE
ADDED from AndroidManifest.xml:7:5
	android:name
		ADDED from AndroidManifest.xml:7:22
permission#com.aglook.comapp.permission.JPUSH_MESSAGE
ADDED from AndroidManifest.xml:16:5
	android:protectionLevel
		ADDED from AndroidManifest.xml:18:9
	android:name
		ADDED from AndroidManifest.xml:17:9
uses-permission#android.permission.GET_TASKS
ADDED from AndroidManifest.xml:20:5
	android:name
		ADDED from AndroidManifest.xml:20:22
uses-permission#com.aglook.comapp.permission.JPUSH_MESSAGE
ADDED from AndroidManifest.xml:22:5
	android:name
		ADDED from AndroidManifest.xml:22:22
uses-permission#android.permission.RECEIVE_USER_PRESENT
ADDED from AndroidManifest.xml:23:5
	android:name
		ADDED from AndroidManifest.xml:23:22
uses-permission#android.permission.WAKE_LOCK
ADDED from AndroidManifest.xml:24:5
	android:name
		ADDED from AndroidManifest.xml:24:22
uses-permission#android.permission.READ_PHONE_STATE
ADDED from AndroidManifest.xml:25:5
	android:name
		ADDED from AndroidManifest.xml:25:22
uses-permission#android.permission.WRITE_EXTERNAL_STORAGE
ADDED from AndroidManifest.xml:26:5
	android:name
		ADDED from AndroidManifest.xml:26:22
uses-permission#android.permission.READ_EXTERNAL_STORAGE
ADDED from AndroidManifest.xml:27:5
	android:name
		ADDED from AndroidManifest.xml:27:22
uses-permission#android.permission.WRITE_SETTINGS
ADDED from AndroidManifest.xml:28:5
	android:name
		ADDED from AndroidManifest.xml:28:22
uses-permission#android.permission.VIBRATE
ADDED from AndroidManifest.xml:29:5
	android:name
		ADDED from AndroidManifest.xml:29:22
uses-permission#android.permission.MOUNT_UNMOUNT_FILESYSTEMS
ADDED from AndroidManifest.xml:30:5
	android:name
		ADDED from AndroidManifest.xml:30:22
uses-permission#android.permission.ACCESS_NETWORK_STATE
ADDED from AndroidManifest.xml:31:5
	android:name
		ADDED from AndroidManifest.xml:31:22
uses-permission#android.permission.ACCESS_WIFI_STATE
ADDED from AndroidManifest.xml:32:5
	android:name
		ADDED from AndroidManifest.xml:32:22
uses-permission#android.permission.SYSTEM_ALERT_WINDOW
ADDED from AndroidManifest.xml:33:5
	android:name
		ADDED from AndroidManifest.xml:33:22
uses-permission#android.permission.ACCESS_COARSE_LOCATION
ADDED from AndroidManifest.xml:36:5
	android:name
		ADDED from AndroidManifest.xml:36:22
uses-permission#android.permission.CHANGE_WIFI_STATE
ADDED from AndroidManifest.xml:37:5
	android:name
		ADDED from AndroidManifest.xml:37:22
uses-permission#android.permission.ACCESS_FINE_LOCATION
ADDED from AndroidManifest.xml:38:5
	android:name
		ADDED from AndroidManifest.xml:38:22
uses-permission#android.permission.ACCESS_LOCATION_EXTRA_COMMANDS
ADDED from AndroidManifest.xml:39:5
	android:name
		ADDED from AndroidManifest.xml:39:22
uses-permission#android.permission.CHANGE_NETWORK_STATE
ADDED from AndroidManifest.xml:40:5
	android:name
		ADDED from AndroidManifest.xml:40:22
application
ADDED from AndroidManifest.xml:42:5
MERGED from com.android.support:appcompat-v7:22.0.0:22:5
MERGED from com.android.support:support-v4:22.0.0:22:5
MERGED from ComApp:pullToRefreshLibrary:unspecified:11:5
MERGED from com.android.support:recyclerview-v7:22.0.0:22:5
MERGED from com.android.support:support-v4:22.0.0:22:5
	android:label
		ADDED from AndroidManifest.xml:46:9
	android:allowBackup
		ADDED from AndroidManifest.xml:44:9
	android:icon
		ADDED from AndroidManifest.xml:45:9
	android:theme
		ADDED from AndroidManifest.xml:47:9
	android:name
		ADDED from AndroidManifest.xml:43:9
meta-data#UMENG_APPKEY
ADDED from AndroidManifest.xml:48:9
	android:value
		ADDED from AndroidManifest.xml:50:13
	android:name
		ADDED from AndroidManifest.xml:49:13
meta-data#UMENG_CHANNEL
ADDED from AndroidManifest.xml:99:9
	android:value
		ADDED from AndroidManifest.xml:101:13
	android:name
		ADDED from AndroidManifest.xml:100:13
meta-data#channel
ADDED from AndroidManifest.xml:102:9
	android:value
		ADDED from AndroidManifest.xml:104:13
	android:name
		ADDED from AndroidManifest.xml:103:13
activity#cn.jpush.android.ui.PushActivity
ADDED from AndroidManifest.xml:117:9
	android:exported
		ADDED from AndroidManifest.xml:120:13
	android:configChanges
		ADDED from AndroidManifest.xml:119:13
	android:theme
		ADDED from AndroidManifest.xml:121:13
	android:name
		ADDED from AndroidManifest.xml:118:13
intent-filter#android.intent.category.DEFAULT+cn.jpush.android.ui.PushActivity+com.aglook.comapp
ADDED from AndroidManifest.xml:122:13
action#cn.jpush.android.ui.PushActivity
ADDED from AndroidManifest.xml:123:17
	android:name
		ADDED from AndroidManifest.xml:123:25
category#android.intent.category.DEFAULT
ADDED from AndroidManifest.xml:125:17
	android:name
		ADDED from AndroidManifest.xml:125:27
category#com.aglook.comapp
ADDED from AndroidManifest.xml:126:17
	android:name
		ADDED from AndroidManifest.xml:126:27
service#cn.jpush.android.service.DownloadService
ADDED from AndroidManifest.xml:130:9
	android:enabled
		ADDED from AndroidManifest.xml:132:13
	android:exported
		ADDED from AndroidManifest.xml:133:13
	android:name
		ADDED from AndroidManifest.xml:131:13
service#cn.jpush.android.service.PushService
ADDED from AndroidManifest.xml:137:9
	android:enabled
		ADDED from AndroidManifest.xml:139:13
	android:exported
		ADDED from AndroidManifest.xml:140:13
	android:name
		ADDED from AndroidManifest.xml:138:13
intent-filter#cn.jpush.android.intent.PUSH_TIME+cn.jpush.android.intent.PushService+cn.jpush.android.intent.REGISTER+cn.jpush.android.intent.REPORT
ADDED from AndroidManifest.xml:141:13
action#cn.jpush.android.intent.REGISTER
ADDED from AndroidManifest.xml:142:17
	android:name
		ADDED from AndroidManifest.xml:142:25
action#cn.jpush.android.intent.REPORT
ADDED from AndroidManifest.xml:143:17
	android:name
		ADDED from AndroidManifest.xml:143:25
action#cn.jpush.android.intent.PushService
ADDED from AndroidManifest.xml:144:17
	android:name
		ADDED from AndroidManifest.xml:144:25
action#cn.jpush.android.intent.PUSH_TIME
ADDED from AndroidManifest.xml:145:17
	android:name
		ADDED from AndroidManifest.xml:145:25
service#cn.jpush.android.service.DaemonService
ADDED from AndroidManifest.xml:151:9
	android:enabled
		ADDED from AndroidManifest.xml:153:13
	android:exported
		ADDED from AndroidManifest.xml:154:13
	android:name
		ADDED from AndroidManifest.xml:152:13
intent-filter#cn.jpush.android.intent.DaemonService+com.aglook.comapp
ADDED from AndroidManifest.xml:155:13
action#cn.jpush.android.intent.DaemonService
ADDED from AndroidManifest.xml:156:17
	android:name
		ADDED from AndroidManifest.xml:156:25
receiver#cn.jpush.android.service.PushReceiver
ADDED from AndroidManifest.xml:163:9
	android:enabled
		ADDED from AndroidManifest.xml:165:13
	android:exported
		ADDED from AndroidManifest.xml:166:13
	android:name
		ADDED from AndroidManifest.xml:164:13
intent-filter#cn.jpush.android.intent.NOTIFICATION_RECEIVED_PROXY+com.aglook.comapp
ADDED from AndroidManifest.xml:167:13
	android:priority
		ADDED from AndroidManifest.xml:167:28
action#cn.jpush.android.intent.NOTIFICATION_RECEIVED_PROXY
ADDED from AndroidManifest.xml:168:17
	android:name
		ADDED from AndroidManifest.xml:168:25
intent-filter#android.intent.action.USER_PRESENT+android.net.conn.CONNECTIVITY_CHANGE
ADDED from AndroidManifest.xml:172:13
action#android.intent.action.USER_PRESENT
ADDED from AndroidManifest.xml:173:17
	android:name
		ADDED from AndroidManifest.xml:173:25
action#android.net.conn.CONNECTIVITY_CHANGE
ADDED from AndroidManifest.xml:174:17
	android:name
		ADDED from AndroidManifest.xml:174:25
intent-filter#android.intent.action.PACKAGE_ADDED+android.intent.action.PACKAGE_REMOVED
ADDED from AndroidManifest.xml:177:13
action#android.intent.action.PACKAGE_ADDED
ADDED from AndroidManifest.xml:178:17
	android:name
		ADDED from AndroidManifest.xml:178:25
action#android.intent.action.PACKAGE_REMOVED
ADDED from AndroidManifest.xml:179:17
	android:name
		ADDED from AndroidManifest.xml:179:25
data
ADDED from AndroidManifest.xml:181:17
	android:scheme
		ADDED from AndroidManifest.xml:181:23
receiver#cn.jpush.android.service.AlarmReceiver
ADDED from AndroidManifest.xml:186:9
	android:exported
		ADDED from AndroidManifest.xml:188:13
	android:name
		ADDED from AndroidManifest.xml:187:13
receiver#com.aglook.comapp.receiver.MyReceiver
ADDED from AndroidManifest.xml:191:9
	android:enabled
		ADDED from AndroidManifest.xml:193:13
	android:exported
		ADDED from AndroidManifest.xml:194:13
	android:name
		ADDED from AndroidManifest.xml:192:13
intent-filter#cn.jpush.android.intent.ACTION_RICHPUSH_CALLBACK+cn.jpush.android.intent.CONNECTION+cn.jpush.android.intent.MESSAGE_RECEIVED+cn.jpush.android.intent.NOTIFICATION_OPENED+cn.jpush.android.intent.NOTIFICATION_RECEIVED+cn.jpush.android.intent.REGISTRATION+cn.jpush.android.intent.UNREGISTRATION+com.aglook.comapp
ADDED from AndroidManifest.xml:195:13
action#cn.jpush.android.intent.REGISTRATION
ADDED from AndroidManifest.xml:196:17
	android:name
		ADDED from AndroidManifest.xml:196:25
action#cn.jpush.android.intent.UNREGISTRATION
ADDED from AndroidManifest.xml:198:17
	android:name
		ADDED from AndroidManifest.xml:198:25
action#cn.jpush.android.intent.MESSAGE_RECEIVED
ADDED from AndroidManifest.xml:199:17
	android:name
		ADDED from AndroidManifest.xml:199:25
action#cn.jpush.android.intent.NOTIFICATION_RECEIVED
ADDED from AndroidManifest.xml:201:17
	android:name
		ADDED from AndroidManifest.xml:201:25
action#cn.jpush.android.intent.NOTIFICATION_OPENED
ADDED from AndroidManifest.xml:203:17
	android:name
		ADDED from AndroidManifest.xml:203:25
action#cn.jpush.android.intent.ACTION_RICHPUSH_CALLBACK
ADDED from AndroidManifest.xml:205:17
	android:name
		ADDED from AndroidManifest.xml:205:25
action#cn.jpush.android.intent.CONNECTION
ADDED from AndroidManifest.xml:207:17
	android:name
		ADDED from AndroidManifest.xml:207:25
meta-data#JPUSH_CHANNEL
ADDED from AndroidManifest.xml:214:9
	android:value
		ADDED from AndroidManifest.xml:216:13
	android:name
		ADDED from AndroidManifest.xml:215:13
meta-data#JPUSH_APPKEY
ADDED from AndroidManifest.xml:217:9
	android:value
		ADDED from AndroidManifest.xml:219:13
	android:name
		ADDED from AndroidManifest.xml:218:13
activity#com.umeng.socialize.view.ShareActivity
ADDED from AndroidManifest.xml:226:9
	android:launchMode
		ADDED from AndroidManifest.xml:229:13
	android:noHistory
		ADDED from AndroidManifest.xml:230:13
	android:windowSoftInputMode
		ADDED from AndroidManifest.xml:232:13
	android:configChanges
		ADDED from AndroidManifest.xml:228:13
	android:theme
		ADDED from AndroidManifest.xml:231:13
	android:name
		ADDED from AndroidManifest.xml:227:13
activity#com.tencent.tauth.AuthActivity
ADDED from AndroidManifest.xml:236:9
	android:launchMode
		ADDED from AndroidManifest.xml:238:13
	android:noHistory
		ADDED from AndroidManifest.xml:239:13
	android:name
		ADDED from AndroidManifest.xml:237:13
intent-filter#android.intent.action.VIEW+android.intent.category.BROWSABLE+android.intent.category.DEFAULT
ADDED from AndroidManifest.xml:240:13
action#android.intent.action.VIEW
ADDED from AndroidManifest.xml:241:17
	android:name
		ADDED from AndroidManifest.xml:241:25
category#android.intent.category.BROWSABLE
ADDED from AndroidManifest.xml:244:17
	android:name
		ADDED from AndroidManifest.xml:244:27
activity#com.tencent.connect.common.AssistActivity
ADDED from AndroidManifest.xml:249:9
	android:screenOrientation
		ADDED from AndroidManifest.xml:251:13
	android:theme
		ADDED from AndroidManifest.xml:250:13
	android:name
		ADDED from AndroidManifest.xml:249:19
activity#com.aglook.comapp.wxapi.WXEntryActivity
ADDED from AndroidManifest.xml:260:9
	android:screenOrientation
		ADDED from AndroidManifest.xml:264:13
	android:exported
		ADDED from AndroidManifest.xml:263:13
	android:configChanges
		ADDED from AndroidManifest.xml:262:13
	android:theme
		ADDED from AndroidManifest.xml:265:13
	android:name
		ADDED from AndroidManifest.xml:261:13
activity#com.aglook.comapp.Activity.MainActivity
ADDED from AndroidManifest.xml:270:9
	android:screenOrientation
		ADDED from AndroidManifest.xml:274:13
	android:label
		ADDED from AndroidManifest.xml:272:13
	android:launchMode
		ADDED from AndroidManifest.xml:273:13
	android:windowSoftInputMode
		ADDED from AndroidManifest.xml:275:13
	android:name
		ADDED from AndroidManifest.xml:271:13
activity#com.aglook.comapp.Activity.BaseActivity
ADDED from AndroidManifest.xml:276:9
	android:screenOrientation
		ADDED from AndroidManifest.xml:279:13
	android:label
		ADDED from AndroidManifest.xml:278:13
	android:name
		ADDED from AndroidManifest.xml:277:13
activity#com.aglook.comapp.Activity.LoginActivity
ADDED from AndroidManifest.xml:280:9
	android:screenOrientation
		ADDED from AndroidManifest.xml:283:13
	android:label
		ADDED from AndroidManifest.xml:282:13
	android:name
		ADDED from AndroidManifest.xml:281:13
activity#com.aglook.comapp.Activity.RegisterActivity
ADDED from AndroidManifest.xml:284:9
	android:screenOrientation
		ADDED from AndroidManifest.xml:287:13
	android:label
		ADDED from AndroidManifest.xml:286:13
	android:name
		ADDED from AndroidManifest.xml:285:13
activity#com.aglook.comapp.Activity.ClassifyActivity
ADDED from AndroidManifest.xml:288:9
	android:screenOrientation
		ADDED from AndroidManifest.xml:291:13
	android:label
		ADDED from AndroidManifest.xml:290:13
	android:name
		ADDED from AndroidManifest.xml:289:13
activity#com.aglook.comapp.Activity.GoodsDetailActivity
ADDED from AndroidManifest.xml:292:9
	android:screenOrientation
		ADDED from AndroidManifest.xml:295:13
	android:label
		ADDED from AndroidManifest.xml:294:13
	android:name
		ADDED from AndroidManifest.xml:293:13
activity#com.aglook.comapp.Activity.GuideActivity
ADDED from AndroidManifest.xml:296:9
	android:screenOrientation
		ADDED from AndroidManifest.xml:299:13
	android:label
		ADDED from AndroidManifest.xml:298:13
	android:name
		ADDED from AndroidManifest.xml:297:13
activity#com.aglook.comapp.Activity.FindPasswordActivity
ADDED from AndroidManifest.xml:300:9
	android:screenOrientation
		ADDED from AndroidManifest.xml:303:13
	android:label
		ADDED from AndroidManifest.xml:302:13
	android:name
		ADDED from AndroidManifest.xml:301:13
activity#com.aglook.comapp.Activity.BasicInformationActivity
ADDED from AndroidManifest.xml:304:9
	android:screenOrientation
		ADDED from AndroidManifest.xml:307:13
	android:label
		ADDED from AndroidManifest.xml:306:13
	android:windowSoftInputMode
		ADDED from AndroidManifest.xml:308:13
	android:name
		ADDED from AndroidManifest.xml:305:13
activity#com.aglook.comapp.Activity.GuaDanDetailActivity
ADDED from AndroidManifest.xml:309:9
	android:screenOrientation
		ADDED from AndroidManifest.xml:312:13
	android:label
		ADDED from AndroidManifest.xml:311:13
	android:name
		ADDED from AndroidManifest.xml:310:13
activity#com.aglook.comapp.Activity.GuaDanAddActivity
ADDED from AndroidManifest.xml:313:9
	android:screenOrientation
		ADDED from AndroidManifest.xml:316:13
	android:label
		ADDED from AndroidManifest.xml:315:13
	android:windowSoftInputMode
		ADDED from AndroidManifest.xml:317:13
	android:name
		ADDED from AndroidManifest.xml:314:13
activity#com.aglook.comapp.Activity.SettingActivity
ADDED from AndroidManifest.xml:318:9
	android:screenOrientation
		ADDED from AndroidManifest.xml:321:13
	android:label
		ADDED from AndroidManifest.xml:320:13
	android:name
		ADDED from AndroidManifest.xml:319:13
activity#com.aglook.comapp.Activity.SearchActivity
ADDED from AndroidManifest.xml:322:9
	android:screenOrientation
		ADDED from AndroidManifest.xml:325:13
	android:label
		ADDED from AndroidManifest.xml:324:13
	android:name
		ADDED from AndroidManifest.xml:323:13
activity#com.aglook.comapp.Activity.PayResultActivity
ADDED from AndroidManifest.xml:326:9
	android:screenOrientation
		ADDED from AndroidManifest.xml:329:13
	android:label
		ADDED from AndroidManifest.xml:328:13
	android:name
		ADDED from AndroidManifest.xml:327:13
activity#com.aglook.comapp.Activity.PersonInformationActivity
ADDED from AndroidManifest.xml:330:9
	android:screenOrientation
		ADDED from AndroidManifest.xml:333:13
	android:label
		ADDED from AndroidManifest.xml:332:13
	android:name
		ADDED from AndroidManifest.xml:331:13
activity#com.aglook.comapp.Activity.BandCardActivity
ADDED from AndroidManifest.xml:334:9
	android:screenOrientation
		ADDED from AndroidManifest.xml:337:13
	android:label
		ADDED from AndroidManifest.xml:336:13
	android:name
		ADDED from AndroidManifest.xml:335:13
activity#com.aglook.comapp.Activity.ScreenActivity
ADDED from AndroidManifest.xml:338:9
	android:screenOrientation
		ADDED from AndroidManifest.xml:341:13
	android:label
		ADDED from AndroidManifest.xml:340:13
	android:name
		ADDED from AndroidManifest.xml:339:13
activity#com.aglook.comapp.Activity.ConfirmOrderActivity
ADDED from AndroidManifest.xml:342:9
	android:screenOrientation
		ADDED from AndroidManifest.xml:345:13
	android:label
		ADDED from AndroidManifest.xml:344:13
	android:windowSoftInputMode
		ADDED from AndroidManifest.xml:346:13
	android:name
		ADDED from AndroidManifest.xml:343:13
activity#com.aglook.comapp.Activity.AllOrderActivity
ADDED from AndroidManifest.xml:347:9
	android:screenOrientation
		ADDED from AndroidManifest.xml:350:13
	android:label
		ADDED from AndroidManifest.xml:349:13
	android:name
		ADDED from AndroidManifest.xml:348:13
activity#com.aglook.comapp.Activity.AllGuaDanActivity
ADDED from AndroidManifest.xml:351:9
	android:screenOrientation
		ADDED from AndroidManifest.xml:354:13
	android:label
		ADDED from AndroidManifest.xml:353:13
	android:name
		ADDED from AndroidManifest.xml:352:13
activity#com.aglook.comapp.Activity.ToPayActivity
ADDED from AndroidManifest.xml:355:9
	android:screenOrientation
		ADDED from AndroidManifest.xml:358:13
	android:label
		ADDED from AndroidManifest.xml:357:13
	android:name
		ADDED from AndroidManifest.xml:356:13
activity#com.aglook.comapp.Activity.TransSucceedActivity
ADDED from AndroidManifest.xml:359:9
	android:screenOrientation
		ADDED from AndroidManifest.xml:362:13
	android:label
		ADDED from AndroidManifest.xml:361:13
	android:name
		ADDED from AndroidManifest.xml:360:13
activity#com.aglook.comapp.Activity.CardListActivity
ADDED from AndroidManifest.xml:363:9
	android:screenOrientation
		ADDED from AndroidManifest.xml:366:13
	android:label
		ADDED from AndroidManifest.xml:365:13
	android:name
		ADDED from AndroidManifest.xml:364:13
activity#com.aglook.comapp.Activity.MyCangDanActivity
ADDED from AndroidManifest.xml:367:9
	android:screenOrientation
		ADDED from AndroidManifest.xml:370:13
	android:label
		ADDED from AndroidManifest.xml:369:13
	android:name
		ADDED from AndroidManifest.xml:368:13
activity#com.aglook.comapp.Activity.PlatformActivity
ADDED from AndroidManifest.xml:371:9
	android:screenOrientation
		ADDED from AndroidManifest.xml:374:13
	android:label
		ADDED from AndroidManifest.xml:373:13
	android:name
		ADDED from AndroidManifest.xml:372:13
activity#com.aglook.comapp.Activity.PickUpActivity
ADDED from AndroidManifest.xml:375:9
	android:screenOrientation
		ADDED from AndroidManifest.xml:378:13
	android:label
		ADDED from AndroidManifest.xml:377:13
	android:name
		ADDED from AndroidManifest.xml:376:13
activity#com.aglook.comapp.Activity.PickInfoActivity
ADDED from AndroidManifest.xml:379:9
	android:screenOrientation
		ADDED from AndroidManifest.xml:382:13
	android:label
		ADDED from AndroidManifest.xml:381:13
	android:windowSoftInputMode
		ADDED from AndroidManifest.xml:383:13
	android:name
		ADDED from AndroidManifest.xml:380:13
activity#com.aglook.comapp.Activity.DriverListActivity
ADDED from AndroidManifest.xml:384:9
	android:screenOrientation
		ADDED from AndroidManifest.xml:387:13
	android:label
		ADDED from AndroidManifest.xml:386:13
	android:name
		ADDED from AndroidManifest.xml:385:13
activity#com.aglook.comapp.Activity.DriverAddActivity
ADDED from AndroidManifest.xml:388:9
	android:screenOrientation
		ADDED from AndroidManifest.xml:391:13
	android:label
		ADDED from AndroidManifest.xml:390:13
	android:name
		ADDED from AndroidManifest.xml:389:13
activity#com.aglook.comapp.Activity.DriverInfoActivity
ADDED from AndroidManifest.xml:392:9
	android:screenOrientation
		ADDED from AndroidManifest.xml:395:13
	android:label
		ADDED from AndroidManifest.xml:394:13
	android:name
		ADDED from AndroidManifest.xml:393:13
activity#com.aglook.comapp.Activity.OrderDetailActivity
ADDED from AndroidManifest.xml:396:9
	android:screenOrientation
		ADDED from AndroidManifest.xml:399:13
	android:label
		ADDED from AndroidManifest.xml:398:13
	android:name
		ADDED from AndroidManifest.xml:397:13
activity#com.aglook.comapp.Activity.ModifyPasswordActivity
ADDED from AndroidManifest.xml:400:9
	android:screenOrientation
		ADDED from AndroidManifest.xml:403:13
	android:label
		ADDED from AndroidManifest.xml:402:13
	android:name
		ADDED from AndroidManifest.xml:401:13
activity#com.aglook.comapp.Activity.ZiXunListActivity
ADDED from AndroidManifest.xml:404:9
	android:screenOrientation
		ADDED from AndroidManifest.xml:408:13
	android:label
		ADDED from AndroidManifest.xml:407:13
	android:exported
		ADDED from AndroidManifest.xml:406:13
	android:name
		ADDED from AndroidManifest.xml:405:13
activity#com.aglook.comapp.Activity.HangDetailActivity
ADDED from AndroidManifest.xml:409:9
	android:screenOrientation
		ADDED from AndroidManifest.xml:412:13
	android:label
		ADDED from AndroidManifest.xml:411:13
	android:name
		ADDED from AndroidManifest.xml:410:13
activity#com.aglook.comapp.Activity.PlatformDetailActivity
ADDED from AndroidManifest.xml:413:9
	android:screenOrientation
		ADDED from AndroidManifest.xml:416:13
	android:label
		ADDED from AndroidManifest.xml:415:13
	android:name
		ADDED from AndroidManifest.xml:414:13
activity#com.aglook.comapp.Activity.PickUpDtailActivity
ADDED from AndroidManifest.xml:417:9
	android:screenOrientation
		ADDED from AndroidManifest.xml:420:13
	android:label
		ADDED from AndroidManifest.xml:419:13
	android:name
		ADDED from AndroidManifest.xml:418:13
activity#com.aglook.comapp.Activity.FriendsListActivity
ADDED from AndroidManifest.xml:421:9
	android:screenOrientation
		ADDED from AndroidManifest.xml:424:13
	android:label
		ADDED from AndroidManifest.xml:423:13
	android:name
		ADDED from AndroidManifest.xml:422:13
activity#com.aglook.comapp.Activity.FriendsAddActivity
ADDED from AndroidManifest.xml:425:9
	android:screenOrientation
		ADDED from AndroidManifest.xml:428:13
	android:label
		ADDED from AndroidManifest.xml:427:13
	android:name
		ADDED from AndroidManifest.xml:426:13
activity#com.aglook.comapp.Activity.GoodsCollectActivity
ADDED from AndroidManifest.xml:429:9
	android:screenOrientation
		ADDED from AndroidManifest.xml:432:13
	android:label
		ADDED from AndroidManifest.xml:431:13
	android:name
		ADDED from AndroidManifest.xml:430:13
activity#com.aglook.comapp.Activity.FriendsDetailActivity
ADDED from AndroidManifest.xml:433:9
	android:screenOrientation
		ADDED from AndroidManifest.xml:436:13
	android:label
		ADDED from AndroidManifest.xml:435:13
	android:name
		ADDED from AndroidManifest.xml:434:13
activity#com.aglook.comapp.Activity.TradeingActivity
ADDED from AndroidManifest.xml:437:9
	android:screenOrientation
		ADDED from AndroidManifest.xml:440:13
	android:label
		ADDED from AndroidManifest.xml:439:13
	android:name
		ADDED from AndroidManifest.xml:438:13
activity#com.aglook.comapp.Activity.PayActivity
ADDED from AndroidManifest.xml:441:9
	android:screenOrientation
		ADDED from AndroidManifest.xml:444:13
	android:label
		ADDED from AndroidManifest.xml:443:13
	android:name
		ADDED from AndroidManifest.xml:442:13
activity#com.aglook.comapp.Activity.ModifyPickUpActivity
ADDED from AndroidManifest.xml:445:9
	android:screenOrientation
		ADDED from AndroidManifest.xml:448:13
	android:label
		ADDED from AndroidManifest.xml:447:13
	android:name
		ADDED from AndroidManifest.xml:446:13
activity#com.aglook.comapp.Activity.GuaDanStateActivity
ADDED from AndroidManifest.xml:449:9
	android:screenOrientation
		ADDED from AndroidManifest.xml:452:13
	android:label
		ADDED from AndroidManifest.xml:451:13
	android:name
		ADDED from AndroidManifest.xml:450:13
activity#com.aglook.comapp.Activity.ModifyGuaDanActivity
ADDED from AndroidManifest.xml:453:9
	android:screenOrientation
		ADDED from AndroidManifest.xml:456:13
	android:label
		ADDED from AndroidManifest.xml:455:13
	android:windowSoftInputMode
		ADDED from AndroidManifest.xml:457:13
	android:name
		ADDED from AndroidManifest.xml:454:13
activity#com.aglook.comapp.Activity.BuyerListActivity
ADDED from AndroidManifest.xml:458:9
	android:screenOrientation
		ADDED from AndroidManifest.xml:461:13
	android:label
		ADDED from AndroidManifest.xml:460:13
	android:name
		ADDED from AndroidManifest.xml:459:13
activity#com.aglook.comapp.Activity.ShoppingCartActivity
ADDED from AndroidManifest.xml:462:9
	android:screenOrientation
		ADDED from AndroidManifest.xml:465:13
	android:label
		ADDED from AndroidManifest.xml:464:13
	android:name
		ADDED from AndroidManifest.xml:463:13
activity#com.aglook.comapp.Activity.MessageActivity
ADDED from AndroidManifest.xml:466:9
	android:screenOrientation
		ADDED from AndroidManifest.xml:469:13
	android:label
		ADDED from AndroidManifest.xml:468:13
	android:name
		ADDED from AndroidManifest.xml:467:13
activity#com.aglook.comapp.Activity.HelpCenterActivity
ADDED from AndroidManifest.xml:470:9
	android:screenOrientation
		ADDED from AndroidManifest.xml:473:13
	android:label
		ADDED from AndroidManifest.xml:472:13
	android:name
		ADDED from AndroidManifest.xml:471:13
activity#com.aglook.comapp.Activity.LaunchActivity
ADDED from AndroidManifest.xml:474:9
	android:screenOrientation
		ADDED from AndroidManifest.xml:477:13
	android:label
		ADDED from AndroidManifest.xml:476:13
	android:theme
		ADDED from AndroidManifest.xml:478:13
	android:name
		ADDED from AndroidManifest.xml:475:13
intent-filter#android.intent.action.MAIN+android.intent.category.LAUNCHER
ADDED from AndroidManifest.xml:479:13
action#android.intent.action.MAIN
ADDED from AndroidManifest.xml:480:17
	android:name
		ADDED from AndroidManifest.xml:480:25
category#android.intent.category.LAUNCHER
ADDED from AndroidManifest.xml:482:17
	android:name
		ADDED from AndroidManifest.xml:482:27
activity#com.aglook.comapp.Activity.TransDetailActivity
ADDED from AndroidManifest.xml:493:9
	android:screenOrientation
		ADDED from AndroidManifest.xml:496:13
	android:label
		ADDED from AndroidManifest.xml:495:13
	android:name
		ADDED from AndroidManifest.xml:494:13
activity#com.aglook.comapp.Activity.AddAddressActivity
ADDED from AndroidManifest.xml:497:9
	android:label
		ADDED from AndroidManifest.xml:499:13
	android:name
		ADDED from AndroidManifest.xml:498:13
activity#com.aglook.comapp.Activity.AddressListActivity
ADDED from AndroidManifest.xml:500:9
	android:label
		ADDED from AndroidManifest.xml:502:13
	android:name
		ADDED from AndroidManifest.xml:501:13
activity#com.aglook.comapp.Activity.FaPiaoActivity
ADDED from AndroidManifest.xml:511:9
	android:label
		ADDED from AndroidManifest.xml:513:13
	android:name
		ADDED from AndroidManifest.xml:512:13
activity#com.aglook.comapp.Activity.VersionActivity
ADDED from AndroidManifest.xml:514:9
	android:label
		ADDED from AndroidManifest.xml:516:13
	android:name
		ADDED from AndroidManifest.xml:515:13
activity#com.aglook.comapp.Activity.IntroActivity
ADDED from AndroidManifest.xml:517:9
	android:label
		ADDED from AndroidManifest.xml:519:13
	android:name
		ADDED from AndroidManifest.xml:518:13
uses-sdk
INJECTED from AndroidManifest.xml:0:0 reason: use-sdk injection requested
MERGED from com.android.support:appcompat-v7:22.0.0:20:5
MERGED from com.android.support:support-v4:22.0.0:20:5
MERGED from ComApp:pullToRefreshLibrary:unspecified:7:5
MERGED from com.android.support:recyclerview-v7:22.0.0:20:5
MERGED from com.android.support:support-v4:22.0.0:20:5
	android:targetSdkVersion
		INJECTED from AndroidManifest.xml:0:0
		INJECTED from AndroidManifest.xml:0:0
	android:minSdkVersion
		INJECTED from AndroidManifest.xml:0:0
		INJECTED from AndroidManifest.xml:0:0
activity#android.support.v7.widget.TestActivity
ADDED from com.android.support:recyclerview-v7:22.0.0:23:9
	android:label
		ADDED from com.android.support:recyclerview-v7:22.0.0:25:13
	android:name
		ADDED from com.android.support:recyclerview-v7:22.0.0:24:13